<?xml version="1.0" encoding="UTF-8"?>
<testsuite xmlns:xsi="http://www.w3.org/2001/XMLSchema-instance" xsi:noNamespaceSchemaLocation="https://maven.apache.org/surefire/maven-surefire-plugin/xsd/surefire-test-report.xsd" version="3.0.2" name="org.example.resumeadjuster.ResumeAdjusterApplicationTests" time="8.898" tests="1" errors="0" skipped="0" failures="0">
  <properties>
[...]
</properties>
  <testcase name="contextLoads" classname="org.example.resumeadjuster.ResumeAdjusterApplicationTests" time="0.365">
    <system-out><![CDATA[08:44:55.855 [main] INFO org.springframework.test.context.support.AnnotationConfigContextLoaderUtils -- Could not detect default configuration classes for test class [org.example.resumeadjuster.ResumeAdjusterApplicationTests]: ResumeAdjusterApplicationTests does not declare any static, non-private, non-final, nested classes annotated with @Configuration.
08:44:55.943 [main] INFO org.springframework.boot.test.context.SpringBootTestContextBootstrapper -- Found @SpringBootConfiguration org.example.resumeadjuster.ResumeAdjusterApplication for test class org.example.resumeadjuster.ResumeAdjusterApplicationTests
08:44:56.064 [main] INFO org.springframework.boot.devtools.restart.RestartApplicationListener -- Restart disabled due to context in which it is running

  .   ____          _            __ _ _
 /\\ / ___'_ __ _ _(_)_ __  __ _ \ \ \ \
( ( )\___ | '_ | '_| | '_ \/ _` | \ \ \ \
 \\/  ___)| |_)| | | | | || (_| |  ) ) ) )
  '  |____| .__|_| |_|_| |_\__, | / / / /
 =========|_|==============|___/=/_/_/_/

 :: Spring Boot ::                (v3.4.3)

2025-05-09T08:44:56.252-07:00  INFO 35310 --- [resume-adjuster] [           main] o.e.r.ResumeAdjusterApplicationTests     : Starting ResumeAdjusterApplicationTests using Java 17.0.15 with PID 35310 (started by mianzhang in /Users/mianzhang/Desktop/WORK/Work/resumeAdjuster/try4/backend)
2025-05-09T08:44:56.253-07:00  INFO 35310 --- [resume-adjuster] [           main] o.e.r.ResumeAdjusterApplicationTests     : No active profile set, falling back to 1 default profile: "default"
2025-05-09T08:44:56.957-07:00  INFO 35310 --- [resume-adjuster] [           main] .s.d.r.c.RepositoryConfigurationDelegate : Multiple Spring Data modules found, entering strict repository configuration mode
2025-05-09T08:44:56.958-07:00  INFO 35310 --- [resume-adjuster] [           main] .s.d.r.c.RepositoryConfigurationDelegate : Bootstrapping Spring Data JPA repositories in DEFAULT mode.
2025-05-09T08:44:57.109-07:00  INFO 35310 --- [resume-adjuster] [           main] .s.d.r.c.RepositoryConfigurationDelegate : Finished Spring Data repository scanning in 142 ms. Found 4 JPA repository interfaces.
2025-05-09T08:44:57.155-07:00  INFO 35310 --- [resume-adjuster] [           main] .s.d.r.c.RepositoryConfigurationDelegate : Multiple Spring Data modules found, entering strict repository configuration mode
2025-05-09T08:44:57.156-07:00  INFO 35310 --- [resume-adjuster] [           main] .s.d.r.c.RepositoryConfigurationDelegate : Bootstrapping Spring Data Redis repositories in DEFAULT mode.
2025-05-09T08:44:57.173-07:00  INFO 35310 --- [resume-adjuster] [           main] .RepositoryConfigurationExtensionSupport : Spring Data Redis - Could not safely identify store assignment for repository candidate interface org.example.resumeadjuster.Repository.ResumeParserRepository.EducationRepository; If you want this repository to be a Redis repository, consider annotating your entities with one of these annotations: org.springframework.data.redis.core.RedisHash (preferred), or consider extending one of the following types with your repository: org.springframework.data.keyvalue.repository.KeyValueRepository
2025-05-09T08:44:57.173-07:00  INFO 35310 --- [resume-adjuster] [           main] .RepositoryConfigurationExtensionSupport : Spring Data Redis - Could not safely identify store assignment for repository candidate interface org.example.resumeadjuster.Repository.ResumeParserRepository.ProfessionalExperienceRepository; If you want this repository to be a Redis repository, consider annotating your entities with one of these annotations: org.springframework.data.redis.core.RedisHash (preferred), or consider extending one of the following types with your repository: org.springframework.data.keyvalue.repository.KeyValueRepository
2025-05-09T08:44:57.174-07:00  INFO 35310 --- [resume-adjuster] [           main] .RepositoryConfigurationExtensionSupport : Spring Data Redis - Could not safely identify store assignment for repository candidate interface org.example.resumeadjuster.Repository.UserAuthProviderRepository; If you want this repository to be a Redis repository, consider annotating your entities with one of these annotations: org.springframework.data.redis.core.RedisHash (preferred), or consider extending one of the following types with your repository: org.springframework.data.keyvalue.repository.KeyValueRepository
2025-05-09T08:44:57.174-07:00  INFO 35310 --- [resume-adjuster] [           main] .RepositoryConfigurationExtensionSupport : Spring Data Redis - Could not safely identify store assignment for repository candidate interface org.example.resumeadjuster.Repository.UserRepository; If you want this repository to be a Redis repository, consider annotating your entities with one of these annotations: org.springframework.data.redis.core.RedisHash (preferred), or consider extending one of the following types with your repository: org.springframework.data.keyvalue.repository.KeyValueRepository
2025-05-09T08:44:57.175-07:00  INFO 35310 --- [resume-adjuster] [           main] .s.d.r.c.RepositoryConfigurationDelegate : Finished Spring Data repository scanning in 7 ms. Found 0 Redis repository interfaces.
2025-05-09T08:44:57.597-07:00  INFO 35310 --- [resume-adjuster] [           main] o.hibernate.jpa.internal.util.LogHelper  : HHH000204: Processing PersistenceUnitInfo [name: default]
2025-05-09T08:44:57.653-07:00  INFO 35310 --- [resume-adjuster] [           main] org.hibernate.Version                    : HHH000412: Hibernate ORM core version 6.6.8.Final
2025-05-09T08:44:57.684-07:00  INFO 35310 --- [resume-adjuster] [           main] o.h.c.internal.RegionFactoryInitiator    : HHH000026: Second-level cache disabled
2025-05-09T08:44:57.880-07:00  INFO 35310 --- [resume-adjuster] [           main] o.s.o.j.p.SpringPersistenceUnitInfo      : No LoadTimeWeaver setup: ignoring JPA class transformer
2025-05-09T08:44:57.902-07:00  INFO 35310 --- [resume-adjuster] [           main] com.zaxxer.hikari.HikariDataSource       : HikariPool-1 - Starting...
2025-05-09T08:44:59.527-07:00  INFO 35310 --- [resume-adjuster] [           main] com.zaxxer.hikari.pool.HikariPool        : HikariPool-1 - Added connection org.postgresql.jdbc.PgConnection@11f3400c
2025-05-09T08:44:59.529-07:00  INFO 35310 --- [resume-adjuster] [           main] com.zaxxer.hikari.HikariDataSource       : HikariPool-1 - Start completed.
2025-05-09T08:45:00.245-07:00  WARN 35310 --- [resume-adjuster] [           main] org.hibernate.orm.deprecation            : HHH90000025: PostgreSQLDialect does not need to be specified explicitly using 'hibernate.dialect' (remove the property setting and it will be selected by default)
2025-05-09T08:45:00.315-07:00  INFO 35310 --- [resume-adjuster] [           main] org.hibernate.orm.connections.pooling    : HHH10001005: Database info:
	Database JDBC URL [Connecting through datasource 'HikariDataSource (HikariPool-1)']
	Database driver: undefined/unknown
	Database version: 17.4
	Autocommit mode: undefined/unknown
	Isolation level: undefined/unknown
	Minimum pool size: undefined/unknown
	Maximum pool size: undefined/unknown
2025-05-09T08:45:01.114-07:00  INFO 35310 --- [resume-adjuster] [           main] o.h.e.t.j.p.i.JtaPlatformInitiator       : HHH000489: No JTA platform available (set 'hibernate.transaction.jta.platform' to enable JTA platform integration)
2025-05-09T08:45:02.422-07:00  INFO 35310 --- [resume-adjuster] [           main] j.LocalContainerEntityManagerFactoryBean : Initialized JPA EntityManagerFactory for persistence unit 'default'
2025-05-09T08:45:02.455-07:00 DEBUG 35310 --- [resume-adjuster] [           main] swordEncoderAuthenticationManagerBuilder : No authenticationProviders and no parentAuthenticationManager defined. Returning null.
2025-05-09T08:45:02.736-07:00  INFO 35310 --- [resume-adjuster] [           main] o.s.d.j.r.query.QueryEnhancerFactory     : Hibernate is in classpath; If applicable, HQL parser will be used.
2025-05-09T08:45:03.115-07:00  INFO 35310 --- [resume-adjuster] [           main] o.e.r.config.FireBaseConfig              : Initializing Firebase App
2025-05-09T08:45:03.415-07:00  INFO 35310 --- [resume-adjuster] [           main] o.e.r.config.FireBaseConfig              : Firebase application has been initialized
2025-05-09T08:45:03.507-07:00  WARN 35310 --- [resume-adjuster] [           main] JpaBaseConfiguration$JpaWebConfiguration : spring.jpa.open-in-view is enabled by default. Therefore, database queries may be performed during view rendering. Explicitly configure spring.jpa.open-in-view to disable this warning
加载 Security 配置...
CORS configured for DEVELOPMENT environment
2025-05-09T08:45:03.873-07:00 DEBUG 35310 --- [resume-adjuster] [           main] o.s.s.web.DefaultSecurityFilterChain     : Will secure any request with filters: DisableEncodeUrlFilter, WebAsyncManagerIntegrationFilter, SecurityContextHolderFilter, HeaderWriterFilter, CorsFilter, LogoutFilter, RequestCacheAwareFilter, SecurityContextHolderAwareRequestFilter, AnonymousAuthenticationFilter, SessionManagementFilter, ExceptionTranslationFilter, AuthorizationFilter
2025-05-09T08:45:04.233-07:00  INFO 35310 --- [resume-adjuster] [           main] o.e.r.ResumeAdjusterApplicationTests     : Started ResumeAdjusterApplicationTests in 8.178 seconds (process running for 9.014)
]]></system-out>
  </testcase>
</testsuite>